{"/Users/shivam.rajput/my_works/javaScript/projects/shivipoetry/src/router.js": {"path":"/Users/shivam.rajput/my_works/javaScript/projects/shivipoetry/src/router.js","statementMap":{"0":{"start":{"line":1,"column":16},"end":{"line":1,"column":34}},"1":{"start":{"line":2,"column":0},"end":{"line":2,"column":26}},"2":{"start":{"line":3,"column":21},"end":{"line":3,"column":46}},"3":{"start":{"line":4,"column":24},"end":{"line":4,"column":52}},"4":{"start":{"line":5,"column":21},"end":{"line":5,"column":46}},"5":{"start":{"line":7,"column":12},"end":{"line":7,"column":21}},"6":{"start":{"line":8,"column":0},"end":{"line":8,"column":34}},"7":{"start":{"line":9,"column":0},"end":{"line":9,"column":38}},"8":{"start":{"line":10,"column":0},"end":{"line":10,"column":46}},"9":{"start":{"line":12,"column":0},"end":{"line":12,"column":20}},"10":{"start":{"line":13,"column":0},"end":{"line":13,"column":23}},"11":{"start":{"line":14,"column":0},"end":{"line":14,"column":20}},"12":{"start":{"line":16,"column":0},"end":{"line":16,"column":23}}},"fnMap":{},"branchMap":{},"s":{"0":2,"1":2,"2":2,"3":2,"4":2,"5":2,"6":2,"7":2,"8":2,"9":2,"10":2,"11":2,"12":2},"f":{},"b":{},"_coverageSchema":"1a1c01bbd47fc00a2c39e90264f33305004495a9","hash":"5368c0bd3b3648769d1c1d6f6d090f671d6677c9"}
,"/Users/shivam.rajput/my_works/javaScript/projects/shivipoetry/src/db/connectDB.js": {"path":"/Users/shivam.rajput/my_works/javaScript/projects/shivipoetry/src/db/connectDB.js","statementMap":{"0":{"start":{"line":1,"column":17},"end":{"line":1,"column":36}},"1":{"start":{"line":2,"column":20},"end":{"line":2,"column":43}},"2":{"start":{"line":4,"column":0},"end":{"line":8,"column":3}}},"fnMap":{},"branchMap":{},"s":{"0":2,"1":2,"2":2},"f":{},"b":{},"_coverageSchema":"1a1c01bbd47fc00a2c39e90264f33305004495a9","hash":"f9d7b9677e88b73e67d4f1083af7543d6c9f0e57"}
,"/Users/shivam.rajput/my_works/javaScript/projects/shivipoetry/src/handlers/poet.js": {"path":"/Users/shivam.rajput/my_works/javaScript/projects/shivipoetry/src/handlers/poet.js","statementMap":{"0":{"start":{"line":1,"column":17},"end":{"line":1,"column":44}},"1":{"start":{"line":3,"column":33},"end":{"line":12,"column":1}},"2":{"start":{"line":4,"column":21},"end":{"line":4,"column":29}},"3":{"start":{"line":5,"column":2},"end":{"line":11,"column":3}},"4":{"start":{"line":6,"column":19},"end":{"line":6,"column":51}},"5":{"start":{"line":7,"column":24},"end":{"line":7,"column":39}},"6":{"start":{"line":8,"column":4},"end":{"line":8,"column":28}},"7":{"start":{"line":10,"column":4},"end":{"line":10,"column":27}},"8":{"start":{"line":14,"column":21},"end":{"line":32,"column":1}},"9":{"start":{"line":15,"column":44},"end":{"line":15,"column":52}},"10":{"start":{"line":16,"column":15},"end":{"line":24,"column":3}},"11":{"start":{"line":25,"column":2},"end":{"line":31,"column":3}},"12":{"start":{"line":26,"column":19},"end":{"line":26,"column":35}},"13":{"start":{"line":27,"column":17},"end":{"line":27,"column":36}},"14":{"start":{"line":28,"column":4},"end":{"line":28,"column":31}},"15":{"start":{"line":30,"column":4},"end":{"line":30,"column":27}},"16":{"start":{"line":34,"column":23},"end":{"line":43,"column":1}},"17":{"start":{"line":35,"column":31},"end":{"line":35,"column":39}},"18":{"start":{"line":36,"column":2},"end":{"line":42,"column":3}},"19":{"start":{"line":37,"column":19},"end":{"line":37,"column":69}},"20":{"start":{"line":38,"column":18},"end":{"line":38,"column":50}},"21":{"start":{"line":39,"column":4},"end":{"line":39,"column":49}},"22":{"start":{"line":41,"column":4},"end":{"line":41,"column":27}},"23":{"start":{"line":45,"column":0},"end":{"line":45,"column":74}}},"fnMap":{"0":{"name":"(anonymous_0)","decl":{"start":{"line":3,"column":33},"end":{"line":3,"column":34}},"loc":{"start":{"line":3,"column":59},"end":{"line":12,"column":1}},"line":3},"1":{"name":"(anonymous_1)","decl":{"start":{"line":14,"column":21},"end":{"line":14,"column":22}},"loc":{"start":{"line":14,"column":47},"end":{"line":32,"column":1}},"line":14},"2":{"name":"(anonymous_2)","decl":{"start":{"line":34,"column":23},"end":{"line":34,"column":24}},"loc":{"start":{"line":34,"column":49},"end":{"line":43,"column":1}},"line":34}},"branchMap":{},"s":{"0":2,"1":2,"2":2,"3":2,"4":2,"5":2,"6":2,"7":0,"8":2,"9":2,"10":2,"11":2,"12":2,"13":2,"14":1,"15":1,"16":2,"17":3,"18":3,"19":3,"20":1,"21":1,"22":2,"23":2},"f":{"0":2,"1":2,"2":3},"b":{},"_coverageSchema":"1a1c01bbd47fc00a2c39e90264f33305004495a9","hash":"72175f134158c43db5bf7cbe959a616a4c723f41"}
,"/Users/shivam.rajput/my_works/javaScript/projects/shivipoetry/src/handlers/post.js": {"path":"/Users/shivam.rajput/my_works/javaScript/projects/shivipoetry/src/handlers/post.js","statementMap":{"0":{"start":{"line":1,"column":15},"end":{"line":1,"column":40}},"1":{"start":{"line":2,"column":24},"end":{"line":2,"column":42}},"2":{"start":{"line":3,"column":14},"end":{"line":3,"column":16}},"3":{"start":{"line":5,"column":19},"end":{"line":17,"column":1}},"4":{"start":{"line":6,"column":19},"end":{"line":6,"column":27}},"5":{"start":{"line":7,"column":2},"end":{"line":16,"column":3}},"6":{"start":{"line":8,"column":18},"end":{"line":12,"column":19}},"7":{"start":{"line":13,"column":4},"end":{"line":13,"column":20}},"8":{"start":{"line":15,"column":4},"end":{"line":15,"column":27}},"9":{"start":{"line":19,"column":23},"end":{"line":26,"column":1}},"10":{"start":{"line":20,"column":2},"end":{"line":25,"column":3}},"11":{"start":{"line":21,"column":18},"end":{"line":21,"column":35}},"12":{"start":{"line":22,"column":4},"end":{"line":22,"column":55}},"13":{"start":{"line":24,"column":4},"end":{"line":24,"column":27}},"14":{"start":{"line":28,"column":17},"end":{"line":30,"column":1}},"15":{"start":{"line":29,"column":2},"end":{"line":29,"column":34}},"16":{"start":{"line":32,"column":25},"end":{"line":48,"column":1}},"17":{"start":{"line":33,"column":18},"end":{"line":33,"column":45}},"18":{"start":{"line":34,"column":2},"end":{"line":47,"column":3}},"19":{"start":{"line":35,"column":17},"end":{"line":35,"column":42}},"20":{"start":{"line":36,"column":4},"end":{"line":42,"column":22}},"21":{"start":{"line":43,"column":4},"end":{"line":43,"column":38}},"22":{"start":{"line":43,"column":15},"end":{"line":43,"column":38}},"23":{"start":{"line":44,"column":4},"end":{"line":44,"column":19}},"24":{"start":{"line":46,"column":4},"end":{"line":46,"column":27}},"25":{"start":{"line":50,"column":0},"end":{"line":50,"column":74}}},"fnMap":{"0":{"name":"(anonymous_0)","decl":{"start":{"line":5,"column":19},"end":{"line":5,"column":20}},"loc":{"start":{"line":5,"column":45},"end":{"line":17,"column":1}},"line":5},"1":{"name":"(anonymous_1)","decl":{"start":{"line":19,"column":23},"end":{"line":19,"column":24}},"loc":{"start":{"line":19,"column":49},"end":{"line":26,"column":1}},"line":19},"2":{"name":"(anonymous_2)","decl":{"start":{"line":28,"column":17},"end":{"line":28,"column":18}},"loc":{"start":{"line":28,"column":37},"end":{"line":30,"column":1}},"line":28},"3":{"name":"(anonymous_3)","decl":{"start":{"line":32,"column":25},"end":{"line":32,"column":26}},"loc":{"start":{"line":32,"column":51},"end":{"line":48,"column":1}},"line":32}},"branchMap":{"0":{"loc":{"start":{"line":43,"column":4},"end":{"line":43,"column":38}},"type":"if","locations":[{"start":{"line":43,"column":4},"end":{"line":43,"column":38}},{"start":{"line":43,"column":4},"end":{"line":43,"column":38}}],"line":43}},"s":{"0":2,"1":2,"2":2,"3":2,"4":2,"5":2,"6":2,"7":2,"8":0,"9":2,"10":1,"11":1,"12":1,"13":0,"14":2,"15":0,"16":2,"17":0,"18":0,"19":0,"20":0,"21":0,"22":0,"23":0,"24":0,"25":2},"f":{"0":2,"1":1,"2":0,"3":0},"b":{"0":[0,0]},"_coverageSchema":"1a1c01bbd47fc00a2c39e90264f33305004495a9","hash":"875c9d156c47e4c9530e54ab9e74acc37f73d430"}
,"/Users/shivam.rajput/my_works/javaScript/projects/shivipoetry/src/handlers/postsBy.js": {"path":"/Users/shivam.rajput/my_works/javaScript/projects/shivipoetry/src/handlers/postsBy.js","statementMap":{"0":{"start":{"line":1,"column":17},"end":{"line":1,"column":44}},"1":{"start":{"line":2,"column":14},"end":{"line":2,"column":38}},"2":{"start":{"line":3,"column":19},"end":{"line":3,"column":48}},"3":{"start":{"line":4,"column":24},"end":{"line":4,"column":42}},"4":{"start":{"line":5,"column":14},"end":{"line":5,"column":16}},"5":{"start":{"line":7,"column":19},"end":{"line":9,"column":1}},"6":{"start":{"line":8,"column":2},"end":{"line":8,"column":37}},"7":{"start":{"line":11,"column":26},"end":{"line":25,"column":1}},"8":{"start":{"line":12,"column":2},"end":{"line":24,"column":3}},"9":{"start":{"line":13,"column":19},"end":{"line":13,"column":51}},"10":{"start":{"line":14,"column":4},"end":{"line":19,"column":22}},"11":{"start":{"line":20,"column":4},"end":{"line":20,"column":53}},"12":{"start":{"line":20,"column":23},"end":{"line":20,"column":53}},"13":{"start":{"line":21,"column":4},"end":{"line":21,"column":52}},"14":{"start":{"line":23,"column":4},"end":{"line":23,"column":27}},"15":{"start":{"line":27,"column":35},"end":{"line":44,"column":1}},"16":{"start":{"line":28,"column":2},"end":{"line":43,"column":3}},"17":{"start":{"line":29,"column":19},"end":{"line":29,"column":45}},"18":{"start":{"line":30,"column":4},"end":{"line":36,"column":22}},"19":{"start":{"line":38,"column":4},"end":{"line":38,"column":53}},"20":{"start":{"line":38,"column":23},"end":{"line":38,"column":53}},"21":{"start":{"line":39,"column":4},"end":{"line":39,"column":27}},"22":{"start":{"line":41,"column":4},"end":{"line":41,"column":25}},"23":{"start":{"line":42,"column":4},"end":{"line":42,"column":27}},"24":{"start":{"line":46,"column":27},"end":{"line":54,"column":1}},"25":{"start":{"line":47,"column":19},"end":{"line":47,"column":27}},"26":{"start":{"line":48,"column":23},"end":{"line":48,"column":33}},"27":{"start":{"line":49,"column":2},"end":{"line":51,"column":3}},"28":{"start":{"line":50,"column":4},"end":{"line":50,"column":49}},"29":{"start":{"line":52,"column":17},"end":{"line":52,"column":47}},"30":{"start":{"line":53,"column":2},"end":{"line":53,"column":62}},"31":{"start":{"line":56,"column":32},"end":{"line":74,"column":1}},"32":{"start":{"line":57,"column":23},"end":{"line":57,"column":33}},"33":{"start":{"line":58,"column":17},"end":{"line":62,"column":3}},"34":{"start":{"line":63,"column":16},"end":{"line":63,"column":33}},"35":{"start":{"line":64,"column":17},"end":{"line":64,"column":19}},"36":{"start":{"line":65,"column":2},"end":{"line":65,"column":37}},"37":{"start":{"line":66,"column":2},"end":{"line":73,"column":3}},"38":{"start":{"line":67,"column":19},"end":{"line":67,"column":46}},"39":{"start":{"line":68,"column":4},"end":{"line":68,"column":58}},"40":{"start":{"line":69,"column":18},"end":{"line":69,"column":45}},"41":{"start":{"line":70,"column":4},"end":{"line":70,"column":22}},"42":{"start":{"line":72,"column":4},"end":{"line":72,"column":27}},"43":{"start":{"line":76,"column":0},"end":{"line":76,"column":75}}},"fnMap":{"0":{"name":"(anonymous_0)","decl":{"start":{"line":7,"column":19},"end":{"line":7,"column":20}},"loc":{"start":{"line":7,"column":39},"end":{"line":9,"column":1}},"line":7},"1":{"name":"(anonymous_1)","decl":{"start":{"line":11,"column":26},"end":{"line":11,"column":27}},"loc":{"start":{"line":11,"column":65},"end":{"line":25,"column":1}},"line":11},"2":{"name":"(anonymous_2)","decl":{"start":{"line":27,"column":35},"end":{"line":27,"column":36}},"loc":{"start":{"line":27,"column":76},"end":{"line":44,"column":1}},"line":27},"3":{"name":"(anonymous_3)","decl":{"start":{"line":46,"column":27},"end":{"line":46,"column":28}},"loc":{"start":{"line":46,"column":47},"end":{"line":54,"column":1}},"line":46},"4":{"name":"(anonymous_4)","decl":{"start":{"line":56,"column":32},"end":{"line":56,"column":33}},"loc":{"start":{"line":56,"column":58},"end":{"line":74,"column":1}},"line":56}},"branchMap":{"0":{"loc":{"start":{"line":20,"column":4},"end":{"line":20,"column":53}},"type":"if","locations":[{"start":{"line":20,"column":4},"end":{"line":20,"column":53}},{"start":{"line":20,"column":4},"end":{"line":20,"column":53}}],"line":20},"1":{"loc":{"start":{"line":38,"column":4},"end":{"line":38,"column":53}},"type":"if","locations":[{"start":{"line":38,"column":4},"end":{"line":38,"column":53}},{"start":{"line":38,"column":4},"end":{"line":38,"column":53}}],"line":38},"2":{"loc":{"start":{"line":49,"column":2},"end":{"line":51,"column":3}},"type":"if","locations":[{"start":{"line":49,"column":2},"end":{"line":51,"column":3}},{"start":{"line":49,"column":2},"end":{"line":51,"column":3}}],"line":49}},"s":{"0":2,"1":2,"2":2,"3":2,"4":2,"5":2,"6":0,"7":2,"8":0,"9":0,"10":0,"11":0,"12":0,"13":0,"14":0,"15":2,"16":0,"17":0,"18":0,"19":0,"20":0,"21":0,"22":0,"23":0,"24":2,"25":0,"26":0,"27":0,"28":0,"29":0,"30":0,"31":2,"32":0,"33":0,"34":0,"35":0,"36":0,"37":0,"38":0,"39":0,"40":0,"41":0,"42":0,"43":2},"f":{"0":0,"1":0,"2":0,"3":0,"4":0},"b":{"0":[0,0],"1":[0,0],"2":[0,0]},"_coverageSchema":"1a1c01bbd47fc00a2c39e90264f33305004495a9","hash":"b35aeeb5424afe6996058d9873283d6b1ddfbe75"}
,"/Users/shivam.rajput/my_works/javaScript/projects/shivipoetry/src/handlers/utils.js": {"path":"/Users/shivam.rajput/my_works/javaScript/projects/shivipoetry/src/handlers/utils.js","statementMap":{"0":{"start":{"line":1,"column":11},"end":{"line":1,"column":24}},"1":{"start":{"line":2,"column":13},"end":{"line":2,"column":28}},"2":{"start":{"line":4,"column":22},"end":{"line":10,"column":1}},"3":{"start":{"line":5,"column":18},"end":{"line":5,"column":69}},"4":{"start":{"line":6,"column":2},"end":{"line":9,"column":5}},"5":{"start":{"line":7,"column":4},"end":{"line":7,"column":45}},"6":{"start":{"line":7,"column":15},"end":{"line":7,"column":45}},"7":{"start":{"line":8,"column":4},"end":{"line":8,"column":19}},"8":{"start":{"line":12,"column":0},"end":{"line":12,"column":33}}},"fnMap":{"0":{"name":"(anonymous_0)","decl":{"start":{"line":4,"column":22},"end":{"line":4,"column":23}},"loc":{"start":{"line":4,"column":47},"end":{"line":10,"column":1}},"line":4},"1":{"name":"(anonymous_1)","decl":{"start":{"line":6,"column":31},"end":{"line":6,"column":32}},"loc":{"start":{"line":6,"column":48},"end":{"line":9,"column":3}},"line":6}},"branchMap":{"0":{"loc":{"start":{"line":7,"column":4},"end":{"line":7,"column":45}},"type":"if","locations":[{"start":{"line":7,"column":4},"end":{"line":7,"column":45}},{"start":{"line":7,"column":4},"end":{"line":7,"column":45}}],"line":7}},"s":{"0":2,"1":2,"2":2,"3":0,"4":0,"5":0,"6":0,"7":0,"8":2},"f":{"0":0,"1":0},"b":{"0":[0,0]},"_coverageSchema":"1a1c01bbd47fc00a2c39e90264f33305004495a9","hash":"4b6347c9699b2ba68718e31dbe3c9875a6b13043"}
,"/Users/shivam.rajput/my_works/javaScript/projects/shivipoetry/src/middleware/auth.js": {"path":"/Users/shivam.rajput/my_works/javaScript/projects/shivipoetry/src/middleware/auth.js","statementMap":{"0":{"start":{"line":1,"column":12},"end":{"line":1,"column":35}},"1":{"start":{"line":2,"column":17},"end":{"line":2,"column":44}},"2":{"start":{"line":4,"column":13},"end":{"line":16,"column":1}},"3":{"start":{"line":5,"column":2},"end":{"line":15,"column":3}},"4":{"start":{"line":6,"column":18},"end":{"line":6,"column":57}},"5":{"start":{"line":7,"column":18},"end":{"line":7,"column":60}},"6":{"start":{"line":8,"column":19},"end":{"line":8,"column":69}},"7":{"start":{"line":9,"column":4},"end":{"line":9,"column":35}},"8":{"start":{"line":9,"column":17},"end":{"line":9,"column":35}},"9":{"start":{"line":10,"column":4},"end":{"line":10,"column":22}},"10":{"start":{"line":11,"column":4},"end":{"line":11,"column":24}},"11":{"start":{"line":12,"column":4},"end":{"line":12,"column":11}},"12":{"start":{"line":14,"column":4},"end":{"line":14,"column":34}},"13":{"start":{"line":18,"column":0},"end":{"line":18,"column":24}}},"fnMap":{"0":{"name":"(anonymous_0)","decl":{"start":{"line":4,"column":13},"end":{"line":4,"column":14}},"loc":{"start":{"line":4,"column":45},"end":{"line":16,"column":1}},"line":4}},"branchMap":{"0":{"loc":{"start":{"line":9,"column":4},"end":{"line":9,"column":35}},"type":"if","locations":[{"start":{"line":9,"column":4},"end":{"line":9,"column":35}},{"start":{"line":9,"column":4},"end":{"line":9,"column":35}}],"line":9}},"s":{"0":2,"1":2,"2":2,"3":4,"4":4,"5":3,"6":2,"7":2,"8":0,"9":2,"10":2,"11":2,"12":2,"13":2},"f":{"0":4},"b":{"0":[0,2]},"_coverageSchema":"1a1c01bbd47fc00a2c39e90264f33305004495a9","hash":"9c1856d7a9f7fc90d4b2bcadaccedfc05af2ea05"}
,"/Users/shivam.rajput/my_works/javaScript/projects/shivipoetry/src/models/author.js": {"path":"/Users/shivam.rajput/my_works/javaScript/projects/shivipoetry/src/models/author.js","statementMap":{"0":{"start":{"line":1,"column":17},"end":{"line":1,"column":36}},"1":{"start":{"line":2,"column":15},"end":{"line":2,"column":32}},"2":{"start":{"line":3,"column":12},"end":{"line":3,"column":35}},"3":{"start":{"line":5,"column":21},"end":{"line":14,"column":2}},"4":{"start":{"line":16,"column":0},"end":{"line":24,"column":2}},"5":{"start":{"line":17,"column":15},"end":{"line":17,"column":19}},"6":{"start":{"line":18,"column":24},"end":{"line":18,"column":35}},"7":{"start":{"line":19,"column":18},"end":{"line":19,"column":44}},"8":{"start":{"line":20,"column":16},"end":{"line":20,"column":69}},"9":{"start":{"line":21,"column":2},"end":{"line":21,"column":44}},"10":{"start":{"line":22,"column":2},"end":{"line":22,"column":20}},"11":{"start":{"line":23,"column":2},"end":{"line":23,"column":15}},"12":{"start":{"line":26,"column":0},"end":{"line":32,"column":3}},"13":{"start":{"line":27,"column":17},"end":{"line":27,"column":21}},"14":{"start":{"line":28,"column":2},"end":{"line":30,"column":3}},"15":{"start":{"line":29,"column":4},"end":{"line":29,"column":60}},"16":{"start":{"line":31,"column":2},"end":{"line":31,"column":9}},"17":{"start":{"line":34,"column":0},"end":{"line":40,"column":2}},"18":{"start":{"line":35,"column":17},"end":{"line":35,"column":49}},"19":{"start":{"line":36,"column":2},"end":{"line":36,"column":50}},"20":{"start":{"line":36,"column":15},"end":{"line":36,"column":50}},"21":{"start":{"line":37,"column":18},"end":{"line":37,"column":65}},"22":{"start":{"line":38,"column":2},"end":{"line":38,"column":51}},"23":{"start":{"line":38,"column":16},"end":{"line":38,"column":51}},"24":{"start":{"line":39,"column":2},"end":{"line":39,"column":16}},"25":{"start":{"line":42,"column":0},"end":{"line":46,"column":3}},"26":{"start":{"line":48,"column":15},"end":{"line":48,"column":53}},"27":{"start":{"line":49,"column":0},"end":{"line":49,"column":26}}},"fnMap":{"0":{"name":"(anonymous_0)","decl":{"start":{"line":16,"column":41},"end":{"line":16,"column":42}},"loc":{"start":{"line":16,"column":59},"end":{"line":24,"column":1}},"line":16},"1":{"name":"(anonymous_1)","decl":{"start":{"line":26,"column":25},"end":{"line":26,"column":26}},"loc":{"start":{"line":26,"column":47},"end":{"line":32,"column":1}},"line":26},"2":{"name":"(anonymous_2)","decl":{"start":{"line":34,"column":41},"end":{"line":34,"column":42}},"loc":{"start":{"line":34,"column":77},"end":{"line":40,"column":1}},"line":34}},"branchMap":{"0":{"loc":{"start":{"line":28,"column":2},"end":{"line":30,"column":3}},"type":"if","locations":[{"start":{"line":28,"column":2},"end":{"line":30,"column":3}},{"start":{"line":28,"column":2},"end":{"line":30,"column":3}}],"line":28},"1":{"loc":{"start":{"line":36,"column":2},"end":{"line":36,"column":50}},"type":"if","locations":[{"start":{"line":36,"column":2},"end":{"line":36,"column":50}},{"start":{"line":36,"column":2},"end":{"line":36,"column":50}}],"line":36},"2":{"loc":{"start":{"line":38,"column":2},"end":{"line":38,"column":51}},"type":"if","locations":[{"start":{"line":38,"column":2},"end":{"line":38,"column":51}},{"start":{"line":38,"column":2},"end":{"line":38,"column":51}}],"line":38}},"s":{"0":2,"1":2,"2":2,"3":2,"4":2,"5":1,"6":1,"7":1,"8":1,"9":1,"10":1,"11":1,"12":2,"13":31,"14":31,"15":30,"16":31,"17":2,"18":3,"19":3,"20":1,"21":2,"22":2,"23":1,"24":1,"25":2,"26":2,"27":2},"f":{"0":1,"1":31,"2":3},"b":{"0":[30,1],"1":[1,2],"2":[1,1]},"_coverageSchema":"1a1c01bbd47fc00a2c39e90264f33305004495a9","hash":"4928b539c5484832a750dbb597cfa1ee10f20d09"}
,"/Users/shivam.rajput/my_works/javaScript/projects/shivipoetry/src/models/category.js": {"path":"/Users/shivam.rajput/my_works/javaScript/projects/shivipoetry/src/models/category.js","statementMap":{"0":{"start":{"line":1,"column":17},"end":{"line":1,"column":36}},"1":{"start":{"line":3,"column":23},"end":{"line":6,"column":2}},"2":{"start":{"line":8,"column":0},"end":{"line":12,"column":3}},"3":{"start":{"line":14,"column":17},"end":{"line":14,"column":59}},"4":{"start":{"line":16,"column":0},"end":{"line":16,"column":28}}},"fnMap":{},"branchMap":{},"s":{"0":2,"1":2,"2":2,"3":2,"4":2},"f":{},"b":{},"_coverageSchema":"1a1c01bbd47fc00a2c39e90264f33305004495a9","hash":"a141a4eef71ff11c51d3d5ead115ed5767b7dfbb"}
,"/Users/shivam.rajput/my_works/javaScript/projects/shivipoetry/src/models/post.js": {"path":"/Users/shivam.rajput/my_works/javaScript/projects/shivipoetry/src/models/post.js","statementMap":{"0":{"start":{"line":1,"column":17},"end":{"line":1,"column":36}},"1":{"start":{"line":3,"column":19},"end":{"line":18,"column":2}},"2":{"start":{"line":20,"column":13},"end":{"line":20,"column":47}},"3":{"start":{"line":21,"column":0},"end":{"line":21,"column":24}}},"fnMap":{},"branchMap":{},"s":{"0":2,"1":2,"2":2,"3":2},"f":{},"b":{},"_coverageSchema":"1a1c01bbd47fc00a2c39e90264f33305004495a9","hash":"79e33b99d579c4e11e88b491afc74c21c7a7e6ca"}
,"/Users/shivam.rajput/my_works/javaScript/projects/shivipoetry/src/models/tag.js": {"path":"/Users/shivam.rajput/my_works/javaScript/projects/shivipoetry/src/models/tag.js","statementMap":{"0":{"start":{"line":1,"column":17},"end":{"line":1,"column":36}},"1":{"start":{"line":3,"column":18},"end":{"line":6,"column":2}},"2":{"start":{"line":8,"column":0},"end":{"line":12,"column":3}},"3":{"start":{"line":14,"column":12},"end":{"line":14,"column":44}},"4":{"start":{"line":16,"column":0},"end":{"line":16,"column":23}}},"fnMap":{},"branchMap":{},"s":{"0":2,"1":2,"2":2,"3":2,"4":2},"f":{},"b":{},"_coverageSchema":"1a1c01bbd47fc00a2c39e90264f33305004495a9","hash":"dd40bded6c784bd7c7e2de6de8e815eee59d79b6"}
,"/Users/shivam.rajput/my_works/javaScript/projects/shivipoetry/src/routers/poet.js": {"path":"/Users/shivam.rajput/my_works/javaScript/projects/shivipoetry/src/routers/poet.js","statementMap":{"0":{"start":{"line":1,"column":16},"end":{"line":1,"column":34}},"1":{"start":{"line":2,"column":21},"end":{"line":2,"column":45}},"2":{"start":{"line":4,"column":15},"end":{"line":4,"column":44}},"3":{"start":{"line":9,"column":4},"end":{"line":9,"column":31}},"4":{"start":{"line":11,"column":19},"end":{"line":11,"column":39}},"5":{"start":{"line":13,"column":0},"end":{"line":13,"column":31}},"6":{"start":{"line":14,"column":0},"end":{"line":14,"column":57}},"7":{"start":{"line":15,"column":0},"end":{"line":15,"column":70}},"8":{"start":{"line":16,"column":0},"end":{"line":16,"column":48}},"9":{"start":{"line":17,"column":0},"end":{"line":17,"column":47}},"10":{"start":{"line":19,"column":0},"end":{"line":19,"column":71}},"11":{"start":{"line":21,"column":0},"end":{"line":21,"column":30}}},"fnMap":{},"branchMap":{},"s":{"0":2,"1":2,"2":2,"3":2,"4":2,"5":2,"6":2,"7":2,"8":2,"9":2,"10":2,"11":2},"f":{},"b":{},"_coverageSchema":"1a1c01bbd47fc00a2c39e90264f33305004495a9","hash":"a7878f44421c827257f40dfc32473cd9dd26f9fe"}
,"/Users/shivam.rajput/my_works/javaScript/projects/shivipoetry/src/routers/post.js": {"path":"/Users/shivam.rajput/my_works/javaScript/projects/shivipoetry/src/routers/post.js","statementMap":{"0":{"start":{"line":1,"column":16},"end":{"line":1,"column":34}},"1":{"start":{"line":8,"column":4},"end":{"line":8,"column":31}},"2":{"start":{"line":10,"column":19},"end":{"line":10,"column":39}},"3":{"start":{"line":12,"column":0},"end":{"line":12,"column":38}},"4":{"start":{"line":13,"column":0},"end":{"line":13,"column":52}},"5":{"start":{"line":14,"column":0},"end":{"line":14,"column":50}},"6":{"start":{"line":15,"column":0},"end":{"line":15,"column":51}},"7":{"start":{"line":16,"column":0},"end":{"line":16,"column":43}},"8":{"start":{"line":18,"column":0},"end":{"line":18,"column":30}}},"fnMap":{},"branchMap":{},"s":{"0":2,"1":2,"2":2,"3":2,"4":2,"5":2,"6":2,"7":2,"8":2},"f":{},"b":{},"_coverageSchema":"1a1c01bbd47fc00a2c39e90264f33305004495a9","hash":"ff558c7dbee33c456154335b6bd7ce3715ac396c"}
,"/Users/shivam.rajput/my_works/javaScript/projects/shivipoetry/src/routers/postsBy.js": {"path":"/Users/shivam.rajput/my_works/javaScript/projects/shivipoetry/src/routers/postsBy.js","statementMap":{"0":{"start":{"line":1,"column":16},"end":{"line":1,"column":34}},"1":{"start":{"line":7,"column":4},"end":{"line":7,"column":34}},"2":{"start":{"line":9,"column":20},"end":{"line":9,"column":40}},"3":{"start":{"line":11,"column":0},"end":{"line":11,"column":55}},"4":{"start":{"line":12,"column":0},"end":{"line":12,"column":50}},"5":{"start":{"line":13,"column":0},"end":{"line":13,"column":53}},"6":{"start":{"line":15,"column":0},"end":{"line":15,"column":74}},"7":{"start":{"line":16,"column":0},"end":{"line":16,"column":59}},"8":{"start":{"line":18,"column":0},"end":{"line":18,"column":47}},"9":{"start":{"line":19,"column":0},"end":{"line":19,"column":42}},"10":{"start":{"line":20,"column":0},"end":{"line":20,"column":45}},"11":{"start":{"line":22,"column":0},"end":{"line":22,"column":46}}},"fnMap":{},"branchMap":{},"s":{"0":2,"1":2,"2":2,"3":2,"4":2,"5":2,"6":2,"7":2,"8":2,"9":2,"10":2,"11":2},"f":{},"b":{},"_coverageSchema":"1a1c01bbd47fc00a2c39e90264f33305004495a9","hash":"29a1ed01351371cf9817967fb971123946939367"}
,"/Users/shivam.rajput/my_works/javaScript/projects/shivipoetry/tests/fixtures/db.js": {"path":"/Users/shivam.rajput/my_works/javaScript/projects/shivipoetry/tests/fixtures/db.js","statementMap":{"0":{"start":{"line":1,"column":17},"end":{"line":1,"column":36}},"1":{"start":{"line":2,"column":12},"end":{"line":2,"column":35}},"2":{"start":{"line":3,"column":17},"end":{"line":3,"column":51}},"3":{"start":{"line":4,"column":15},"end":{"line":4,"column":47}},"4":{"start":{"line":5,"column":14},"end":{"line":5,"column":45}},"5":{"start":{"line":6,"column":19},"end":{"line":6,"column":55}},"6":{"start":{"line":8,"column":20},"end":{"line":8,"column":49}},"7":{"start":{"line":9,"column":18},"end":{"line":18,"column":1}},"8":{"start":{"line":20,"column":20},"end":{"line":20,"column":49}},"9":{"start":{"line":21,"column":18},"end":{"line":29,"column":1}},"10":{"start":{"line":31,"column":18},"end":{"line":31,"column":47}},"11":{"start":{"line":32,"column":18},"end":{"line":32,"column":47}},"12":{"start":{"line":33,"column":20},"end":{"line":33,"column":49}},"13":{"start":{"line":35,"column":16},"end":{"line":47,"column":1}},"14":{"start":{"line":49,"column":16},"end":{"line":62,"column":1}},"15":{"start":{"line":64,"column":18},"end":{"line":76,"column":1}},"16":{"start":{"line":78,"column":22},"end":{"line":86,"column":1}},"17":{"start":{"line":79,"column":2},"end":{"line":79,"column":28}},"18":{"start":{"line":80,"column":2},"end":{"line":80,"column":26}},"19":{"start":{"line":81,"column":2},"end":{"line":81,"column":37}},"20":{"start":{"line":82,"column":2},"end":{"line":82,"column":37}},"21":{"start":{"line":83,"column":2},"end":{"line":83,"column":33}},"22":{"start":{"line":84,"column":2},"end":{"line":84,"column":33}},"23":{"start":{"line":85,"column":2},"end":{"line":85,"column":35}},"24":{"start":{"line":88,"column":0},"end":{"line":97,"column":2}}},"fnMap":{"0":{"name":"(anonymous_0)","decl":{"start":{"line":78,"column":22},"end":{"line":78,"column":23}},"loc":{"start":{"line":78,"column":34},"end":{"line":86,"column":1}},"line":78}},"branchMap":{},"s":{"0":2,"1":2,"2":2,"3":2,"4":2,"5":2,"6":2,"7":2,"8":2,"9":2,"10":2,"11":2,"12":2,"13":2,"14":2,"15":2,"16":2,"17":14,"18":14,"19":14,"20":14,"21":13,"22":13,"23":13,"24":2},"f":{"0":14},"b":{},"_coverageSchema":"1a1c01bbd47fc00a2c39e90264f33305004495a9","hash":"d3949fe17d8a3c38f8a1b59826a9fd0794226708"}
}
