TN:
SF:src/router.js
FNF:0
FNH:0
DA:1,2
DA:2,2
DA:3,2
DA:4,2
DA:5,2
DA:7,2
DA:8,2
DA:9,2
DA:10,2
DA:12,2
DA:13,2
DA:14,2
DA:16,2
LF:13
LH:13
BRF:0
BRH:0
end_of_record
TN:
SF:src/db/connectDB.js
FNF:0
FNH:0
DA:1,2
DA:2,2
DA:4,2
LF:3
LH:3
BRF:0
BRH:0
end_of_record
TN:
SF:src/handlers/poet.js
FN:3,(anonymous_0)
FN:14,(anonymous_1)
FN:34,(anonymous_2)
FNF:3
FNH:3
FNDA:2,(anonymous_0)
FNDA:2,(anonymous_1)
FNDA:3,(anonymous_2)
DA:1,2
DA:3,2
DA:4,2
DA:5,2
DA:6,2
DA:7,2
DA:8,2
DA:10,0
DA:14,2
DA:15,2
DA:16,2
DA:25,2
DA:26,2
DA:27,2
DA:28,1
DA:30,1
DA:34,2
DA:35,3
DA:36,3
DA:37,3
DA:38,1
DA:39,1
DA:41,2
DA:45,2
LF:24
LH:23
BRF:0
BRH:0
end_of_record
TN:
SF:src/handlers/post.js
FN:5,(anonymous_0)
FN:19,(anonymous_1)
FN:28,(anonymous_2)
FN:32,(anonymous_3)
FNF:4
FNH:2
FNDA:2,(anonymous_0)
FNDA:1,(anonymous_1)
FNDA:0,(anonymous_2)
FNDA:0,(anonymous_3)
DA:1,2
DA:2,2
DA:3,2
DA:5,2
DA:6,2
DA:7,2
DA:8,2
DA:13,2
DA:15,0
DA:19,2
DA:20,1
DA:21,1
DA:22,1
DA:24,0
DA:28,2
DA:29,0
DA:32,2
DA:33,0
DA:34,0
DA:35,0
DA:36,0
DA:43,0
DA:44,0
DA:46,0
DA:50,2
LF:25
LH:15
BRDA:43,0,0,0
BRDA:43,0,1,0
BRF:2
BRH:0
end_of_record
TN:
SF:src/handlers/postsBy.js
FN:7,(anonymous_0)
FN:11,(anonymous_1)
FN:27,(anonymous_2)
FN:46,(anonymous_3)
FN:56,(anonymous_4)
FNF:5
FNH:0
FNDA:0,(anonymous_0)
FNDA:0,(anonymous_1)
FNDA:0,(anonymous_2)
FNDA:0,(anonymous_3)
FNDA:0,(anonymous_4)
DA:1,2
DA:2,2
DA:3,2
DA:4,2
DA:5,2
DA:7,2
DA:8,0
DA:11,2
DA:12,0
DA:13,0
DA:14,0
DA:20,0
DA:21,0
DA:23,0
DA:27,2
DA:28,0
DA:29,0
DA:30,0
DA:38,0
DA:39,0
DA:41,0
DA:42,0
DA:46,2
DA:47,0
DA:48,0
DA:49,0
DA:50,0
DA:52,0
DA:53,0
DA:56,2
DA:57,0
DA:58,0
DA:63,0
DA:64,0
DA:65,0
DA:66,0
DA:67,0
DA:68,0
DA:69,0
DA:70,0
DA:72,0
DA:76,2
LF:42
LH:11
BRDA:20,0,0,0
BRDA:20,0,1,0
BRDA:38,1,0,0
BRDA:38,1,1,0
BRDA:49,2,0,0
BRDA:49,2,1,0
BRF:6
BRH:0
end_of_record
TN:
SF:src/handlers/utils.js
FN:4,(anonymous_0)
FN:6,(anonymous_1)
FNF:2
FNH:0
FNDA:0,(anonymous_0)
FNDA:0,(anonymous_1)
DA:1,2
DA:2,2
DA:4,2
DA:5,0
DA:6,0
DA:7,0
DA:8,0
DA:12,2
LF:8
LH:4
BRDA:7,0,0,0
BRDA:7,0,1,0
BRF:2
BRH:0
end_of_record
TN:
SF:src/middleware/auth.js
FN:4,(anonymous_0)
FNF:1
FNH:1
FNDA:4,(anonymous_0)
DA:1,2
DA:2,2
DA:4,2
DA:5,4
DA:6,4
DA:7,3
DA:8,2
DA:9,2
DA:10,2
DA:11,2
DA:12,2
DA:14,2
DA:18,2
LF:13
LH:13
BRDA:9,0,0,0
BRDA:9,0,1,2
BRF:2
BRH:1
end_of_record
TN:
SF:src/models/author.js
FN:16,(anonymous_0)
FN:26,(anonymous_1)
FN:34,(anonymous_2)
FNF:3
FNH:3
FNDA:1,(anonymous_0)
FNDA:31,(anonymous_1)
FNDA:3,(anonymous_2)
DA:1,2
DA:2,2
DA:3,2
DA:5,2
DA:16,2
DA:17,1
DA:18,1
DA:19,1
DA:20,1
DA:21,1
DA:22,1
DA:23,1
DA:26,2
DA:27,31
DA:28,31
DA:29,30
DA:31,31
DA:34,2
DA:35,3
DA:36,3
DA:37,2
DA:38,2
DA:39,1
DA:42,2
DA:48,2
DA:49,2
LF:26
LH:26
BRDA:28,0,0,30
BRDA:28,0,1,1
BRDA:36,1,0,1
BRDA:36,1,1,2
BRDA:38,2,0,1
BRDA:38,2,1,1
BRF:6
BRH:6
end_of_record
TN:
SF:src/models/category.js
FNF:0
FNH:0
DA:1,2
DA:3,2
DA:8,2
DA:14,2
DA:16,2
LF:5
LH:5
BRF:0
BRH:0
end_of_record
TN:
SF:src/models/post.js
FNF:0
FNH:0
DA:1,2
DA:3,2
DA:20,2
DA:21,2
LF:4
LH:4
BRF:0
BRH:0
end_of_record
TN:
SF:src/models/tag.js
FNF:0
FNH:0
DA:1,2
DA:3,2
DA:8,2
DA:14,2
DA:16,2
LF:5
LH:5
BRF:0
BRH:0
end_of_record
TN:
SF:src/routers/poet.js
FNF:0
FNH:0
DA:1,2
DA:2,2
DA:4,2
DA:9,2
DA:11,2
DA:13,2
DA:14,2
DA:15,2
DA:16,2
DA:17,2
DA:19,2
DA:21,2
LF:12
LH:12
BRF:0
BRH:0
end_of_record
TN:
SF:src/routers/post.js
FNF:0
FNH:0
DA:1,2
DA:8,2
DA:10,2
DA:12,2
DA:13,2
DA:14,2
DA:15,2
DA:16,2
DA:18,2
LF:9
LH:9
BRF:0
BRH:0
end_of_record
TN:
SF:src/routers/postsBy.js
FNF:0
FNH:0
DA:1,2
DA:7,2
DA:9,2
DA:11,2
DA:12,2
DA:13,2
DA:15,2
DA:16,2
DA:18,2
DA:19,2
DA:20,2
DA:22,2
LF:12
LH:12
BRF:0
BRH:0
end_of_record
TN:
SF:tests/fixtures/db.js
FN:78,(anonymous_0)
FNF:1
FNH:1
FNDA:14,(anonymous_0)
DA:1,2
DA:2,2
DA:3,2
DA:4,2
DA:5,2
DA:6,2
DA:8,2
DA:9,2
DA:20,2
DA:21,2
DA:31,2
DA:32,2
DA:33,2
DA:35,2
DA:49,2
DA:64,2
DA:78,2
DA:79,14
DA:80,14
DA:81,14
DA:82,14
DA:83,13
DA:84,13
DA:85,13
DA:88,2
LF:25
LH:25
BRF:0
BRH:0
end_of_record
